#
# There is insufficient memory for the Java Runtime Environment to continue.
# Native memory allocation (malloc) failed to allocate 552656 bytes. Error detail: Chunk::new
# Possible reasons:
#   The system is out of physical RAM or swap space
#   This process is running with CompressedOops enabled, and the Java Heap may be blocking the growth of the native heap
# Possible solutions:
#   Reduce memory load on the system
#   Increase physical memory or swap space
#   Check if swap backing store is full
#   Decrease Java heap size (-Xmx/-Xms)
#   Decrease number of Java threads
#   Decrease Java thread stack sizes (-Xss)
#   Set larger code cache with -XX:ReservedCodeCacheSize=
#   JVM is running with Unscaled Compressed Oops mode in which the Java heap is
#     placed in the first 4GB address space. The Java Heap base address is the
#     maximum limit for the native heap growth. Please use -XX:HeapBaseMinAddress
#     to set the Java Heap base and to place the Java Heap above 4GB virtual address.
# This output file may be truncated or incomplete.
#
#  Out of Memory Error (arena.cpp:168), pid=8244, tid=17392
#
# JRE version: OpenJDK Runtime Environment Temurin-21.0.6+7 (21.0.6+7) (build 21.0.6+7-LTS)
# Java VM: OpenJDK 64-Bit Server VM Temurin-21.0.6+7 (21.0.6+7-LTS, mixed mode, sharing, tiered, compressed oops, compressed class ptrs, parallel gc, windows-amd64)
# No core dump will be written. Minidumps are not enabled by default on client versions of Windows
#

---------------  S U M M A R Y ------------

Command Line: --add-modules=ALL-SYSTEM --add-opens=java.base/java.util=ALL-UNNAMED --add-opens=java.base/java.lang=ALL-UNNAMED --add-opens=java.base/sun.nio.fs=ALL-UNNAMED -Declipse.application=org.eclipse.jdt.ls.core.id1 -Dosgi.bundles.defaultStartLevel=4 -Declipse.product=org.eclipse.jdt.ls.core.product -Djava.import.generatesMetadataFilesAtProjectRoot=false -DDetectVMInstallationsJob.disabled=true -Dfile.encoding=utf8 -XX:+UseParallelGC -XX:GCTimeRatio=4 -XX:AdaptiveSizePolicyWeight=90 -Dsun.zip.disableMemoryMapping=true -Xmx1G -Xms100m -Xlog:disable -javaagent:c:\Users\ASUS-MSi\.cursor\extensions\redhat.java-1.41.1-win32-x64\lombok\lombok-1.18.36.jar -XX:+HeapDumpOnOutOfMemoryError -XX:HeapDumpPath=c:\Users\ASUS-MSi\AppData\Roaming\Cursor\User\workspaceStorage\748e7a2fc837300286379135b2b1445d\redhat.java -Daether.dependencyCollector.impl=bf c:\Users\ASUS-MSi\.cursor\extensions\redhat.java-1.41.1-win32-x64\server\plugins\org.eclipse.equinox.launcher_1.7.0.v20250331-1702.jar -configuration c:\Users\ASUS-MSi\AppData\Roaming\Cursor\User\globalStorage\redhat.java\1.41.1\config_win -data c:\Users\ASUS-MSi\AppData\Roaming\Cursor\User\workspaceStorage\748e7a2fc837300286379135b2b1445d\redhat.java\jdt_ws --pipe=\\.\pipe\lsp-e8a5ba030864ae10b3a47f40d190ba30-sock

Host: Intel(R) Core(TM) i7-6500U CPU @ 2.50GHz, 4 cores, 5G,  Windows 10 , 64 bit Build 19041 (10.0.19041.5678)
Time: Sat Apr 19 23:33:03 2025 Paris, Madrid (heure duild 19041 (10.0.19041.5678) elapsed time: 6.392428 seconds (0d 0h 0m 6s)

---------------  T H R E A D  ---------------

Current thread (0x000001fa74f37e80):  JavaThread "C2 CompilerThread0" daemon [_thread_in_native, id=17392, stack(0x000000c335700000,0x000000c335800000) (1024K)]


Current CompileTask:
C2:6392  904   !   4       java.util.jar.Attributes::read (494 bytes)

Stack: [0x000000c335700000,0x000000c335800000]
Native frames: (J=compiled Java code, j=interpreted, Vv=VM code, C=native code)
V  [jvm.dll+0x6cdee9]
V  [jvm.dll+0x8a83d1]
V  [jvm.dll+0x8aa8fe]
V  [jvm.dll+0x8aafe3]
V  [jvm.dll+0x27f706]
V  [jvm.dll+0xc500d]
V  [jvm.dll+0xc5543]
V  [jvm.dll+0x3b678c]
V  [jvm.dll+0x1e0009]
V  [jvm.dll+0x247b42]
V  [jvm.dll+0x246fcf]
V  [jvm.dll+0x1c75ee]
V  [jvm.dll+0x25685a]
V  [jvm.dll+0x254dfa]
V  [jvm.dll+0x3f0256]
V  [jvm.dll+0x851f8b]
V  [jvm.dll+0x6cc5ed]
C  [ucrtbase.dll+0x21bb2]
C  [KERNEL32.DLL+0x17374]
C  [ntdll.dll+0x4cc91]


---------------  P R O C E S S  ---------------

Threads class SMR info:
_java_thread_list=0x000001fa7a263d50, length=11, elements={
0x000001fa6fc05cd0, 0x000001fa74f2e6a0, 0x000001fa74f2ffa0, 0x000001fa74f31b20,
0x000001fa74f32a30, 0x000001fa74f36600, 0x000001fa74f37050, 0x000001fa74f37e80,
0x000001fa74fad110, 0x000001fa7a022d60, 0x000001fa7a266e70
}

Java Threads: ( => current thread )
  0x000001fa6fc05cd0 JavaThread "main"                              [_thread_in_vm, id=18356, stack(0x000000c334d00000,0x000000c334e00000) (1024K)]
  0x000001fa74f2e6a0 JavaThread "Reference Handler"          daemon [_thread_blocked, id=4700, stack(0x000000c335100000,0x000000c335200000) (1024K)]
  0x000001fa74f2ffa0 JavaThread "Finalizer"                  daemon [_thread_blocked, id=14828, stack(0x000000c335200000,0x000000c335300000) (1024K)]
  0x000001fa74f31b20 JavaThread "Signal Dispatcher"          daemon [_thread_blocked, id=20756, stack(0x000000c335300000,0x000000c335400000) (1024K)]
  0x000001fa74f32a30 JavaThread "Attach Listener"            daemon [_thread_blocked, id=16788, stack(0x000000c335400000,0x000000c335500000) (1024K)]
  0x000001fa74f36600 JavaThread "Service Thread"             daemon [_thread_blocked, id=5332, stack(0x000000c335500000,0x000000c335600000) (1024K)]
  0x000001fa74f37050 JavaThread "Monitor Deflation Thread"   daemon [_thread_blocked, id=6148, stack(0x000000c335600000,0x000000c335700000) (1024K)]
=>0x000001fa74f37e80 JavaThread "C2 CompilerThread0"         daemon [_thread_in_native, id=17392, stack(0x000000c335700000,0x000000c335800000) (1024K)]
  0x000001fa74fad110 JavaThread "C1 CompilerThread0"         daemon [_thread_in_native, id=19544, stack(0x000000c335800000,0x000000c335900000) (1024K)]
  0x000001fa7a022d60 JavaThread "Common-Cleaner"             daemon [_thread_blocked, id=17348, stack(0x000000c335900000,0x000000c335a00000) (1024K)]
  0x000001fa7a266e70 JavaThread "Notification Thread"        daemon [_thread_blocked, id=7272, stack(0x000000c335a00000,0x000000c335b00000) (1024K)]
Total: 11

Other Threads:
  0x000001fa74f1ea20 VMThread "VM Thread"                           [id=9676, stack(0x000000c335000000,0x000000c335100000) (1024K)]
  0x000001fa6fc74240 WatcherThread "VM Periodic Task Thread"        [id=5048, stack(0x000000c334f00000,0x000000c335000000) (1024K)]
  0x000001fa6fc258c0 WorkerThread "GC Thread#0"                     [id=7324, stack(0x000000c334e00000,0x000000c334f00000) (1024K)]
Total: 3

Threads with active compile tasks:
C2 CompilerThread0  6488  904   !   4       java.util.jar.Attributes::read (494 bytes)
C1 CompilerThread0  6488  927       3       java.lang.invoke.VarHandleGuards::guard_LII_V (135 bytes)
Total: 2

VM state: not at safepoint (normal execution)

VM Mutex/Monitor currently owned by a thread:  ([mutex/lock_event])
[0x00007fff157bcf00] MethodCompileQueue_lock - owner thread: 0x000001fa74fad110
[0x00007fff157be280] CodeCache_lock - owner thread: 0x000001fa74fad110
[0x00007fff157be400] Compile_lock - owner thread: 0x000001fa74fad110

Heap address: 0x00000000c0000000, size: 1024 MB, Compressed Oops mode: 32-bit

CDS archive(s) mapped at: [0x000001fa0f000000-0x000001fa0fba0000-0x000001fa0fba0000), size 12189696, SharedBaseAddress: 0x000001fa0f000000, ArchiveRelocationMode: 1.
Compressed class space mapped at: 0x000001fa10000000-0x000001fa50000000, reserved size: 1073741824
Narrow klass base: 0x000001fa0f000000, Narrow klass shift: 0, Narrow klass range: 0x100000000

GC Precious Log:
 CardTable entry size: 512
 CPUs: 4 total, 4 available
 Memory: 6024M
 Large Page Support: Disabled
 NUMA Support: Disabled
 Compressed Oops: Enabled (32-bit)
 Alignments: Space 512K, Generation 512K, Heap 2M
 Heap Min Capacity: 100M
 Heap Initial Capacity: 100M
 Heap Max Capacity: 1G
 Pre-touch: Disabled
 Parallel Workers: 4

Heap:
 PSYoungGen      total 29696K, used 19354K [0x00000000eab00000, 0x00000000ecc00000, 0x0000000100000000)
  eden space 25600K, 75% used [0x00000000eab00000,0x00000000ebde6800,0x00000000ec400000)
  from space 4096K, 0% used [0x00000000ec800000,0x00000000ec800000,0x00000000ecc00000)
  to   space 4096K, 0% used [0x00000000ec400000,0x00000000ec400000,0x00000000ec800000)
 ParOldGen       total 68608K, used 0K [0x00000000c0000000, 0x00000000c4300000, 0x00000000eab00000)
  object space 68608K, 0% used [0x00000000c0000000,0x00000000c0000000,0x00000000c4300000)
 Metaspace       used 3337K, committed 3584K, reserved 1114112K
  class space    used 334K, committed 448K, reserved 1048576K

Card table byte_map: [0x000001fa6f5d0000,0x000001fa6f7e0000] _byte_map_base: 0x000001fa6efd0000

Marking Bits: (ParMarkBitMap*) 0x00007fff157c3260
 Begin Bits: [0x000001fa72e00000, 0x000001fa73e00000)
 End Bits:   [0x000001fa73e00000, 0x000001fa74e00000)

Polling page: 0x000001fa6dae0000

Metaspace:

Usage:
  Non-class:      2.93 MB used.
      Class:    334.20 KB used.
       Both:      3.26 MB used.

Virtual space:
  Non-class space:       64.00 MB reserved,       3.06 MB (  5%) committed,  1 nodes.
      Class space:        1.00 GB reserved,     448.00 KB ( <1%) committed,  1 nodes.
             Both:        1.06 GB reserved,       3.50 MB ( <1%) committed. 

Chunk freelists:
   Non-Class:  11.47 MB
       Class:  15.51 MB
        Both:  26.98 MB

MaxMetaspaceSize: unlimited
CompressedClassSpaceSize: 1.00 GB
Initial GC threshold: 21.00 MB
Current GC threshold: 21.00 MB
CDS: on
 - commit_granule_bytes: 65536.
 - commit_granule_words: 8192.
 - virtual_space_node_default_size: 8388608.
 - enlarge_chunks_in_place: 1.
 - use_allocation_guard: 0.


Internal statistics:

num_allocs_failed_limit: 0.
num_arena_births: 134.
num_arena_deaths: 0.
num_vsnodes_births: 2.
num_vsnodes_deaths: 0.
num_space_committed: 56.
num_space_uncommitted: 0.
num_chunks_returned_to_freelist: 0.
num_chunks_taken_from_freelist: 178.
num_chunk_merges: 0.
num_chunk_splits: 113.
num_chunks_enlarged: 62.
num_inconsistent_stats: 0.

CodeHeap 'non-profiled nmethods': size=120000Kb used=349Kb max_used=349Kb free=119650Kb
 bounds [0x000001fa07ad0000, 0x000001fa07d40000, 0x000001fa0f000000]
CodeHeap 'profiled nmethods': size=120000Kb used=1511Kb max_used=1511Kb free=118488Kb
 bounds [0x000001fa00000000, 0x000001fa00270000, 0x000001fa07530000]
CodeHeap 'non-nmethods': size=5760Kb used=1188Kb max_used=1206Kb free=4571Kb
 bounds [0x000001fa07530000, 0x000001fa077a0000, 0x000001fa07ad0000]
 total_blobs=1373 nmethods=924 adapters=356
 compilation: enabled
              stopped_count=0, restarted_count=0
 full_count=0

Compilation events (20 events):
Event: 6.312 Thread 0x000001fa74fad110  907  s    1       java.io.ByteArrayOutputStream::size (5 bytes)
Event: 6.312 Thread 0x000001fa74fad110 nmethod 907 0x000001fa07b25b90 code [0x000001fa07b25d20, 0x000001fa07b25ea8]
Event: 6.312 Thread 0x000001fa74fad110  908       1       sun.security.util.DerOutputStream::buf (5 bytes)
Event: 6.312 Thread 0x000001fa74fad110 nmethod 908 0x000001fa07b25f10 code [0x000001fa07b260a0, 0x000001fa07b26168]
Event: 6.312 Thread 0x000001fa74fad110  909       3       sun.security.util.ObjectIdentifier::equals (36 bytes)
Event: 6.312 Thread 0x000001fa74fad110 nmethod 909 0x000001fa0016c190 code [0x000001fa0016c360, 0x000001fa0016c758]
Event: 6.324 Thread 0x000001fa74fad110  910 %     3       java.math.BigInteger::implMultiplyToLen @ 135 (216 bytes)
Event: 6.325 Thread 0x000001fa74fad110 nmethod 910% 0x000001fa0016c810 code [0x000001fa0016ca20, 0x000001fa0016d108]
Event: 6.328 Thread 0x000001fa74fad110  912       3       java.math.BigInteger::implMultiplyToLen (216 bytes)
Event: 6.329 Thread 0x000001fa74fad110 nmethod 912 0x000001fa0016d590 code [0x000001fa0016d780, 0x000001fa0016dd28]
Event: 6.338 Thread 0x000001fa74fad110  913       3       sun.security.util.DerOutputStream::putLength (147 bytes)
Event: 6.340 Thread 0x000001fa74fad110 nmethod 913 0x000001fa0016e110 code [0x000001fa0016e4e0, 0x000001fa00170958]
Event: 6.342 Thread 0x000001fa74fad110  914  s    3       java.util.Hashtable::get (69 bytes)
Event: 6.343 Thread 0x000001fa74fad110 nmethod 914 0x000001fa00171890 code [0x000001fa00171a80, 0x000001fa00171fd0]
Event: 6.343 Thread 0x000001fa74fad110  915       3       sun.security.util.SignatureFileVerifier::updateSigners (132 bytes)
Event: 6.344 Thread 0x000001fa74fad110 nmethod 915 0x000001fa00172190 code [0x000001fa00172440, 0x000001fa00173300]
Event: 6.344 Thread 0x000001fa74fad110  916       3       sun.security.util.SignatureFileVerifier::matches (89 bytes)
Event: 6.346 Thread 0x000001fa74fad110 nmethod 916 0x000001fa00173910 code [0x000001fa00173bc0, 0x000001fa00174a10]
Event: 6.346 Thread 0x000001fa74fad110  917       3       java.util.zip.Inflater::ensureOpen (47 bytes)
Event: 6.346 Thread 0x000001fa74fad110 nmethod 917 0x000001fa00175010 code [0x000001fa001751c0, 0x000001fa00175410]

GC Heap History (0 events):
No events

Dll operation events (8 events):
Event: 0.117 Loaded shared library c:\Users\ASUS-MSi\.cursor\extensions\redhat.java-1.41.1-win32-x64\jre\21.0.6-win32-x86_64\bin\java.dll
Event: 1.188 Loaded shared library c:\Users\ASUS-MSi\.cursor\extensions\redhat.java-1.41.1-win32-x64\jre\21.0.6-win32-x86_64\bin\zip.dll
Event: 1.375 Loaded shared library C:\Users\ASUS-MSi\.cursor\extensions\redhat.java-1.41.1-win32-x64\jre\21.0.6-win32-x86_64\bin\instrument.dll
Event: 1.400 Loaded shared library C:\Users\ASUS-MSi\.cursor\extensions\redhat.java-1.41.1-win32-x64\jre\21.0.6-win32-x86_64\bin\net.dll
Event: 1.407 Loaded shared library C:\Users\ASUS-MSi\.cursor\extensions\redhat.java-1.41.1-win32-x64\jre\21.0.6-win32-x86_64\bin\nio.dll
Event: 1.417 Loaded shared library C:\Users\ASUS-MSi\.cursor\extensions\redhat.java-1.41.1-win32-x64\jre\21.0.6-win32-x86_64\bin\zip.dll
Event: 1.617 Loaded shared library C:\Users\ASUS-MSi\.cursor\extensions\redhat.java-1.41.1-win32-x64\jre\21.0.6-win32-x86_64\bin\jimage.dll
Event: 2.228 Loaded shared library c:\Users\ASUS-MSi\.cursor\extensions\redhat.java-1.41.1-win32-x64\jre\21.0.6-win32-x86_64\bin\verify.dll

Deoptimization events (20 events):
Event: 5.769 Thread 0x000001fa6fc05cd0 DEOPT PACKING pc=0x000001fa07b17db0 sp=0x000000c334dfd870
Event: 5.769 Thread 0x000001fa6fc05cd0 DEOPT UNPACKING pc=0x000001fa07583aa2 sp=0x000000c334dfd7a0 mode 2
Event: 6.055 Thread 0x000001fa6fc05cd0 DEOPT PACKING pc=0x000001fa00110ddd sp=0x000000c334dfded0
Event: 6.055 Thread 0x000001fa6fc05cd0 DEOPT UNPACKING pc=0x000001fa07584242 sp=0x000000c334dfd348 mode 0
Event: 6.310 Thread 0x000001fa6fc05cd0 Uncommon trap: trap_request=0xffffffc6 fr.pc=0x000001fa07b2500c relative=0x000000000000032c
Event: 6.310 Thread 0x000001fa6fc05cd0 Uncommon trap: reason=bimorphic_or_optimized_type_check action=maybe_recompile pc=0x000001fa07b2500c method=java.util.HashMap.getNode(Ljava/lang/Object;)Ljava/util/HashMap$Node; @ 128 c2
Event: 6.310 Thread 0x000001fa6fc05cd0 DEOPT PACKING pc=0x000001fa07b2500c sp=0x000000c334dfe0a0
Event: 6.310 Thread 0x000001fa6fc05cd0 DEOPT UNPACKING pc=0x000001fa07583aa2 sp=0x000000c334dfe018 mode 2
Event: 6.311 Thread 0x000001fa6fc05cd0 Uncommon trap: trap_request=0xffffffc6 fr.pc=0x000001fa07b2500c relative=0x000000000000032c
Event: 6.311 Thread 0x000001fa6fc05cd0 Uncommon trap: reason=bimorphic_or_optimized_type_check action=maybe_recompile pc=0x000001fa07b2500c method=java.util.HashMap.getNode(Ljava/lang/Object;)Ljava/util/HashMap$Node; @ 128 c2
Event: 6.311 Thread 0x000001fa6fc05cd0 DEOPT PACKING pc=0x000001fa07b2500c sp=0x000000c334dfe0a0
Event: 6.311 Thread 0x000001fa6fc05cd0 DEOPT UNPACKING pc=0x000001fa07583aa2 sp=0x000000c334dfe018 mode 2
Event: 6.311 Thread 0x000001fa6fc05cd0 Uncommon trap: trap_request=0xffffffc6 fr.pc=0x000001fa07b2500c relative=0x000000000000032c
Event: 6.311 Thread 0x000001fa6fc05cd0 Uncommon trap: reason=bimorphic_or_optimized_type_check action=maybe_recompile pc=0x000001fa07b2500c method=java.util.HashMap.getNode(Ljava/lang/Object;)Ljava/util/HashMap$Node; @ 128 c2
Event: 6.311 Thread 0x000001fa6fc05cd0 DEOPT PACKING pc=0x000001fa07b2500c sp=0x000000c334dfe0a0
Event: 6.311 Thread 0x000001fa6fc05cd0 DEOPT UNPACKING pc=0x000001fa07583aa2 sp=0x000000c334dfe018 mode 2
Event: 6.325 Thread 0x000001fa6fc05cd0 Uncommon trap: trap_request=0xffffffde fr.pc=0x000001fa07adcb9c relative=0x000000000000093c
Event: 6.325 Thread 0x000001fa6fc05cd0 Uncommon trap: reason=class_check action=maybe_recompile pc=0x000001fa07adcb9c method=java.util.HashMap.putVal(ILjava/lang/Object;Ljava/lang/Object;ZZ)Ljava/lang/Object; @ 91 c2
Event: 6.325 Thread 0x000001fa6fc05cd0 DEOPT PACKING pc=0x000001fa07adcb9c sp=0x000000c334dfe4c0
Event: 6.325 Thread 0x000001fa6fc05cd0 DEOPT UNPACKING pc=0x000001fa07583aa2 sp=0x000000c334dfe480 mode 2

Classes loaded (20 events):
Event: 6.067 Loading class java/nio/file/attribute/FileOwnerAttributeView done
Event: 6.067 Loading class java/nio/file/attribute/AclFileAttributeView done
Event: 6.067 Loading class sun/nio/fs/AbstractAclFileAttributeView done
Event: 6.067 Loading class sun/nio/fs/WindowsAclFileAttributeView done
Event: 6.068 Loading class sun/nio/fs/WindowsSecurity
Event: 6.068 Loading class sun/nio/fs/WindowsSecurity done
Event: 6.069 Loading class sun/nio/fs/WindowsFileStore
Event: 6.070 Loading class java/nio/file/FileStore
Event: 6.070 Loading class java/nio/file/FileStore done
Event: 6.070 Loading class sun/nio/fs/WindowsFileStore done
Event: 6.076 Loading class java/net/URLClassLoader$1
Event: 6.077 Loading class java/net/URLClassLoader$1 done
Event: 6.351 Loading class java/io/FilePermission$1
Event: 6.351 Loading class jdk/internal/access/JavaIOFilePermissionAccess
Event: 6.351 Loading class jdk/internal/access/JavaIOFilePermissionAccess done
Event: 6.351 Loading class java/io/FilePermission$1 done
Event: 6.352 Loading class java/io/FilePermissionCollection
Event: 6.352 Loading class java/io/FilePermissionCollection done
Event: 6.359 Loading class java/util/EventListener
Event: 6.359 Loading class java/util/EventListener done

Classes unloaded (0 events):
No events

Classes redefined (0 events):
No events

Internal exceptions (18 events):
Event: 1.101 Thread 0x000001fa6fc05cd0 Exception <a 'java/lang/NoSuchMethodError'{0x00000000ead2a948}: 'void java.lang.invoke.DirectMethodHandle$Holder.invokeStatic(java.lang.Object, java.lang.Object, java.lang.Object)'> (0x00000000ead2a948) 
thrown [s\src\hotspot\share\interpreter\linkResolver.cpp, line 773]
Event: 1.526 Thread 0x000001fa6fc05cd0 Exception <a 'java/lang/NoSuchMethodError'{0x00000000eae93f48}: 'java.lang.Object java.lang.invoke.Invokers$Holder.invokeExact_MT(java.lang.Object, java.lang.Object, java.lang.Object, java.lang.Object, java.lang.Object)'> (0x00000000eae93f48) 
thrown [s\src\hotspot\share\interpreter\linkResolver.cpp, line 773]
Event: 1.976 Thread 0x000001fa6fc05cd0 Exception <a 'java/lang/NoSuchMethodError'{0x00000000eaf4cb08}: 'int java.lang.invoke.DirectMethodHandle$Holder.invokeSpecial(java.lang.Object, java.lang.Object, java.lang.Object, int)'> (0x00000000eaf4cb08) 
thrown [s\src\hotspot\share\interpreter\linkResolver.cpp, line 773]
Event: 2.026 Thread 0x000001fa6fc05cd0 Exception <a 'java/lang/NoSuchMethodError'{0x00000000eaf5f4f0}: 'java.lang.Object java.lang.invoke.DirectMethodHandle$Holder.invokeStatic(java.lang.Object, java.lang.Object, java.lang.Object, java.lang.Object, int)'> (0x00000000eaf5f4f0) 
thrown [s\src\hotspot\share\interpreter\linkResolver.cpp, line 773]
Event: 2.039 Thread 0x000001fa6fc05cd0 Exception <a 'java/lang/NoSuchMethodError'{0x00000000eaf6a930}: 'void java.lang.invoke.DelegatingMethodHandle$Holder.reinvoke_L(java.lang.Object, java.lang.Object, java.lang.Object, int, java.lang.Object)'> (0x00000000eaf6a930) 
thrown [s\src\hotspot\share\interpreter\linkResolver.cpp, line 773]
Event: 2.054 Thread 0x000001fa6fc05cd0 Exception <a 'java/lang/NoSuchMethodError'{0x00000000eaf7b280}: 'int java.lang.invoke.DirectMethodHandle$Holder.invokeSpecial(java.lang.Object, java.lang.Object, java.lang.Object)'> (0x00000000eaf7b280) 
thrown [s\src\hotspot\share\interpreter\linkResolver.cpp, line 773]
Event: 2.059 Thread 0x000001fa6fc05cd0 Exception <a 'java/lang/NoSuchMethodError'{0x00000000eaf86f40}: 'java.lang.Object java.lang.invoke.DirectMethodHandle$Holder.invokeStatic(java.lang.Object, java.lang.Object, int)'> (0x00000000eaf86f40) 
thrown [s\src\hotspot\share\interpreter\linkResolver.cpp, line 773]
Event: 2.060 Thread 0x000001fa6fc05cd0 Exception <a 'java/lang/NoSuchMethodError'{0x00000000eaf8b890}: 'void java.lang.invoke.DirectMethodHandle$Holder.invokeStatic(java.lang.Object, java.lang.Object, int, java.lang.Object)'> (0x00000000eaf8b890) 
thrown [s\src\hotspot\share\interpreter\linkResolver.cpp, line 773]
Event: 2.061 Thread 0x000001fa6fc05cd0 Exception <a 'java/lang/NoSuchMethodError'{0x00000000eaf8f420}: 'void java.lang.invoke.DirectMethodHandle$Holder.invokeSpecial(java.lang.Object, java.lang.Object, java.lang.Object, int, java.lang.Object)'> (0x00000000eaf8f420) 
thrown [s\src\hotspot\share\interpreter\linkResolver.cpp, line 773]
Event: 2.062 Thread 0x000001fa6fc05cd0 Exception <a 'java/lang/NoSuchMethodError'{0x00000000eaf92ae8}: 'void java.lang.invoke.DelegatingMethodHandle$Holder.delegate(java.lang.Object, java.lang.Object, int, java.lang.Object)'> (0x00000000eaf92ae8) 
thrown [s\src\hotspot\share\interpreter\linkResolver.cpp, line 773]
Event: 2.390 Thread 0x000001fa6fc05cd0 Exception <a 'java/lang/NoSuchMethodError'{0x00000000eb151c30}: 'void java.lang.invoke.DelegatingMethodHandle$Holder.reinvoke_L(java.lang.Object, java.lang.Object, java.lang.Object, int)'> (0x00000000eb151c30) 
thrown [s\src\hotspot\share\interpreter\linkResolver.cpp, line 773]
Event: 3.820 Thread 0x000001fa6fc05cd0 Exception <a 'java/lang/NoSuchMethodError'{0x00000000eb5d9938}: 'void java.lang.invoke.DirectMethodHandle$Holder.invokeVirtual(java.lang.Object, java.lang.Object)'> (0x00000000eb5d9938) 
thrown [s\src\hotspot\share\interpreter\linkResolver.cpp, line 773]
Event: 5.610 Thread 0x000001fa6fc05cd0 Exception <a 'java/lang/ClassNotFoundException'{0x00000000eb9be110}: sun/net/www/protocol/c/Handler> (0x00000000eb9be110) 
thrown [s\src\hotspot\share\classfile\systemDictionary.cpp, line 312]
Event: 5.761 Thread 0x000001fa6fc05cd0 Exception <a 'java/io/FileNotFoundException'{0x00000000eb9d6c20}> (0x00000000eb9d6c20) 
thrown [s\src\hotspot\share\prims\jni.cpp, line 520]
Event: 5.763 Thread 0x000001fa6fc05cd0 Exception <a 'java/io/FileNotFoundException'{0x00000000eb9dbbf8}> (0x00000000eb9dbbf8) 
thrown [s\src\hotspot\share\prims\jni.cpp, line 520]
Event: 5.763 Thread 0x000001fa6fc05cd0 Exception <a 'java/io/FileNotFoundException'{0x00000000eb9dcbd8}> (0x00000000eb9dcbd8) 
thrown [s\src\hotspot\share\prims\jni.cpp, line 520]
Event: 5.764 Thread 0x000001fa6fc05cd0 Exception <a 'java/io/FileNotFoundException'{0x00000000eb9ddaa0}> (0x00000000eb9ddaa0) 
thrown [s\src\hotspot\share\prims\jni.cpp, line 520]
Event: 5.785 Thread 0x000001fa6fc05cd0 Exception <a 'java/io/FileNotFoundException'{0x00000000eba16250}> (0x00000000eba16250) 
thrown [s\src\hotspot\share\prims\jni.cpp, line 520]

ZGC Phase Switch (0 events):
No events

VM Operations (16 events):
Event: 1.173 Executing VM operation: HandshakeAllThreads (Deoptimize)
Event: 1.173 Executing VM operation: HandshakeAllThreads (Deoptimize) done
Event: 1.759 Executing VM operation: HandshakeAllThreads (Deoptimize)
Event: 1.759 Executing VM operation: HandshakeAllThreads (Deoptimize) done
Event: 1.759 Executing VM operation: Cleanup
Event: 1.759 Executing VM operation: Cleanup done
Event: 2.765 Executing VM operation: Cleanup
Event: 2.765 Executing VM operation: Cleanup done
Event: 3.774 Executing VM operation: Cleanup
Event: 3.788 Executing VM operation: Cleanup done
Event: 4.800 Executing VM operation: Cleanup
Event: 4.816 Executing VM operation: Cleanup done
Event: 5.453 Executing VM operation: HandshakeAllThreads (Deoptimize)
Event: 5.453 Executing VM operation: HandshakeAllThreads (Deoptimize) done
Event: 5.510 Executing VM operation: HandshakeAllThreads (Deoptimize)
Event: 5.510 Executing VM operation: HandshakeAllThreads (Deoptimize) done

Memory protections (0 events):
No events

Nmethod flushes (0 events):
No events

Events (11 events):
Event: 0.364 Thread 0x000001fa6fc05cd0 Thread added: 0x000001fa6fc05cd0
Event: 0.604 Thread 0x000001fa6fc05cd0 Thread added: 0x000001fa74f2e6a0
Event: 0.606 Thread 0x000001fa6fc05cd0 Thread added: 0x000001fa74f2ffa0
Event: 0.616 Thread 0x000001fa6fc05cd0 Thread added: 0x000001fa74f31b20
Event: 0.620 Thread 0x000001fa6fc05cd0 Thread added: 0x000001fa74f32a30
Event: 0.622 Thread 0x000001fa6fc05cd0 Thread added: 0x000001fa74f36600
Event: 0.622 Thread 0x000001fa6fc05cd0 Thread added: 0x000001fa74f37050
Event: 0.624 Thread 0x000001fa6fc05cd0 Thread added: 0x000001fa74f37e80
Event: 0.699 Thread 0x000001fa6fc05cd0 Thread added: 0x000001fa74fad110
Event: 0.960 Thread 0x000001fa6fc05cd0 Thread added: 0x000001fa7a022d60
Event: 2.919 Thread 0x000001fa6fc05cd0 Thread added: 0x000001fa7a266e70


Dynamic libraries:
0x00007ff775050000 - 0x00007ff77505e000 	c:\Users\ASUS-MSi\.cursor\extensions\redhat.java-1.41.1-win32-x64\jre\21.0.6-win32-x86_64\bin\java.exe
0x00007fff6d010000 - 0x00007fff6d208000 	C:\Windows\SYSTEM32\ntdll.dll
0x00007fff6cd70000 - 0x00007fff6ce32000 	C:\Windows\System32\KERNEL32.DLL
0x00007fff6ac00000 - 0x00007fff6aef6000 	C:\Windows\System32\KERNELBASE.dll
0x00007fff6ab00000 - 0x00007fff6ac00000 	C:\Windows\System32\ucrtbase.dll
0x00007fff647d0000 - 0x00007fff647e8000 	c:\Users\ASUS-MSi\.cursor\extensions\redhat.java-1.41.1-win32-x64\jre\21.0.6-win32-x86_64\bin\jli.dll
0x00007fff6c460000 - 0x00007fff6c5fd000 	C:\Windows\System32\USER32.dll
0x00007fff6a6f0000 - 0x00007fff6a712000 	C:\Windows\System32\win32u.dll
0x00007fff6c430000 - 0x00007fff6c45b000 	C:\Windows\System32\GDI32.dll
0x00007fff6a850000 - 0x00007fff6a96a000 	C:\Windows\System32\gdi32full.dll
0x00007fff6a7b0000 - 0x00007fff6a84d000 	C:\Windows\System32\msvcp_win.dll
0x00007fff647b0000 - 0x00007fff647ce000 	c:\Users\ASUS-MSi\.cursor\extensions\redhat.java-1.41.1-win32-x64\jre\21.0.6-win32-x86_64\bin\VCRUNTIME140.dll
0x00007fff56bf0000 - 0x00007fff56e8a000 	C:\Windows\WinSxS\amd64_microsoft.windows.common-controls_6595b64144ccf1df_6.0.19041.4355_none_60b8b9eb71f62e16\COMCTL32.dll
0x00007fff6bd80000 - 0x00007fff6be1e000 	C:\Windows\System32\msvcrt.dll
0x00007fff6bd50000 - 0x00007fff6bd7f000 	C:\Windows\System32\IMM32.DLL
0x00007fff63ea0000 - 0x00007fff63eac000 	c:\Users\ASUS-MSi\.cursor\extensions\redhat.java-1.41.1-win32-x64\jre\21.0.6-win32-x86_64\bin\vcruntime140_1.dll
0x00007fff33500000 - 0x00007fff3358d000 	c:\Users\ASUS-MSi\.cursor\extensions\redhat.java-1.41.1-win32-x64\jre\21.0.6-win32-x86_64\bin\msvcp140.dll
0x00007fff14b10000 - 0x00007fff158a0000 	c:\Users\ASUS-MSi\.cursor\extensions\redhat.java-1.41.1-win32-x64\jre\21.0.6-win32-x86_64\bin\server\jvm.dll
0x00007fff6c600000 - 0x00007fff6c6af000 	C:\Windows\System32\ADVAPI32.dll
0x00007fff6c270000 - 0x00007fff6c30f000 	C:\Windows\System32\sechost.dll
0x00007fff6ce40000 - 0x00007fff6cf63000 	C:\Windows\System32\RPCRT4.dll
0x00007fff6aad0000 - 0x00007fff6aaf7000 	C:\Windows\System32\bcrypt.dll
0x00007fff6c3c0000 - 0x00007fff6c42b000 	C:\Windows\System32\WS2_32.dll
0x00007fff69bf0000 - 0x00007fff69c3b000 	C:\Windows\SYSTEM32\POWRPROF.dll
0x00007fff52e80000 - 0x00007fff52ea7000 	C:\Windows\SYSTEM32\WINMM.dll
0x00007fff58310000 - 0x00007fff5831a000 	C:\Windows\SYSTEM32\VERSION.dll
0x00007fff69a60000 - 0x00007fff69a72000 	C:\Windows\SYSTEM32\UMPDC.dll
0x00007fff68e80000 - 0x00007fff68e92000 	C:\Windows\SYSTEM32\kernel.appcore.dll
0x00007fff63e90000 - 0x00007fff63e9a000 	c:\Users\ASUS-MSi\.cursor\extensions\redhat.java-1.41.1-win32-x64\jre\21.0.6-win32-x86_64\bin\jimage.dll
0x00007fff68250000 - 0x00007fff68434000 	C:\Windows\SYSTEM32\DBGHELP.DLL
0x00007fff48d60000 - 0x00007fff48d94000 	C:\Windows\SYSTEM32\dbgcore.DLL
0x00007fff6a720000 - 0x00007fff6a7a2000 	C:\Windows\System32\bcryptPrimitives.dll
0x00007fff63b40000 - 0x00007fff63b4f000 	c:\Users\ASUS-MSi\.cursor\extensions\redhat.java-1.41.1-win32-x64\jre\21.0.6-win32-x86_64\bin\instrument.dll
0x00007fff63b20000 - 0x00007fff63b3f000 	c:\Users\ASUS-MSi\.cursor\extensions\redhat.java-1.41.1-win32-x64\jre\21.0.6-win32-x86_64\bin\java.dll
0x00007fff6b510000 - 0x00007fff6bc7f000 	C:\Windows\System32\SHELL32.dll
0x00007fff686c0000 - 0x00007fff68e63000 	C:\Windows\SYSTEM32\windows.storage.dll
0x00007fff6c970000 - 0x00007fff6ccc5000 	C:\Windows\System32\combase.dll
0x00007fff69ff0000 - 0x00007fff6a01b000 	C:\Windows\SYSTEM32\Wldp.dll
0x00007fff6bc80000 - 0x00007fff6bd4d000 	C:\Windows\System32\OLEAUT32.dll
0x00007fff6c310000 - 0x00007fff6c3bd000 	C:\Windows\System32\SHCORE.dll
0x00007fff6cf70000 - 0x00007fff6cfc5000 	C:\Windows\System32\shlwapi.dll
0x00007fff6a5d0000 - 0x00007fff6a5f5000 	C:\Windows\SYSTEM32\profapi.dll
0x00007fff63a70000 - 0x00007fff63a88000 	c:\Users\ASUS-MSi\.cursor\extensions\redhat.java-1.41.1-win32-x64\jre\21.0.6-win32-x86_64\bin\zip.dll
0x00007fff63300000 - 0x00007fff63310000 	C:\Users\ASUS-MSi\.cursor\extensions\redhat.java-1.41.1-win32-x64\jre\21.0.6-win32-x86_64\bin\net.dll
0x00007fff61c30000 - 0x00007fff61d3a000 	C:\Windows\SYSTEM32\WINHTTP.dll
0x00007fff69dd0000 - 0x00007fff69e3c000 	C:\Windows\system32\mswsock.dll
0x00007fff62f90000 - 0x00007fff62fa6000 	C:\Users\ASUS-MSi\.cursor\extensions\redhat.java-1.41.1-win32-x64\jre\21.0.6-win32-x86_64\bin\nio.dll
0x00007fff62cc0000 - 0x00007fff62cd0000 	c:\Users\ASUS-MSi\.cursor\extensions\redhat.java-1.41.1-win32-x64\jre\21.0.6-win32-x86_64\bin\verify.dll

dbghelp: loaded successfully - version: 4.0.5 - missing functions: none
symbol engine: initialized successfully - sym options: 0x614 - pdb path: .;c:\Users\ASUS-MSi\.cursor\extensions\redhat.java-1.41.1-win32-x64\jre\21.0.6-win32-x86_64\bin;C:\Windows\SYSTEM32;C:\Windows\WinSxS\amd64_microsoft.windows.common-controls_6595b64144ccf1df_6.0.19041.4355_none_60b8b9eb71f62e16;c:\Users\ASUS-MSi\.cursor\extensions\redhat.java-1.41.1-win32-x64\jre\21.0.6-win32-x86_64\bin\server

VM Arguments:
jvm_args: --add-modules=ALL-SYSTEM --add-opens=java.base/java.util=ALL-UNNAMED --add-opens=java.base/java.lang=ALL-UNNAMED --add-opens=java.base/sun.nio.fs=ALL-UNNAMED -Declipse.application=org.eclipse.jdt.ls.core.id1 -Dosgi.bundles.defaultStartLevel=4 -Declipse.product=org.eclipse.jdt.ls.core.product -Djava.import.generatesMetadataFilesAtProjectRoot=false -DDetectVMInstallationsJob.disabled=true -Dfile.encoding=utf8 -XX:+UseParallelGC -XX:GCTimeRatio=4 -XX:AdaptiveSizePolicyWeight=90 -Dsun.zip.disableMemoryMapping=true -Xmx1G -Xms100m -Xlog:disable -javaagent:c:\Users\ASUS-MSi\.cursor\extensions\redhat.java-1.41.1-win32-x64\lombok\lombok-1.18.36.jar -XX:+HeapDumpOnOutOfMemoryError -XX:HeapDumpPath=c:\Users\ASUS-MSi\AppData\Roaming\Cursor\User\workspaceStorage\748e7a2fc837300286379135b2b1445d\redhat.java -Daether.dependencyCollector.impl=bf 
java_command: c:\Users\ASUS-MSi\.cursor\extensions\redhat.java-1.41.1-win32-x64\server\plugins\org.eclipse.equinox.launcher_1.7.0.v20250331-1702.jar -configuration c:\Users\ASUS-MSi\AppData\Roaming\Cursor\User\globalStorage\redhat.java\1.41.1\config_win -data c:\Users\ASUS-MSi\AppData\Roaming\Cursor\User\workspaceStorage\748e7a2fc837300286379135b2b1445d\redhat.java\jdt_ws --pipe=\\.\pipe\lsp-e8a5ba030864ae10b3a47f40d190ba30-sock
java_class_path (initial): c:\Users\ASUS-MSi\.cursor\extensions\redhat.java-1.41.1-win32-x64\server\plugins\org.eclipse.equinox.launcher_1.7.0.v20250331-1702.jar
Launcher Type: SUN_STANDARD

[Global flags]
    uintx AdaptiveSizePolicyWeight                 = 90                                        {product} {command line}
     intx CICompilerCount                          = 3                                         {product} {ergonomic}
    uintx GCTimeRatio                              = 4                                         {product} {command line}
     bool HeapDumpOnOutOfMemoryError               = true                                   {manageable} {command line}
    ccstr HeapDumpPath                             = c:\Users\ASUS-MSi\AppData\Roaming\Cursor\User\workspaceStorage\748e7a2fc837300286379135b2b1445d\redhat.java         {manageable} {command line}
   size_t InitialHeapSize                          = 104857600                                 {product} {command line}
   size_t MaxHeapSize                              = 1073741824                                {product} {command line}
   size_t MaxNewSize                               = 357564416                                 {product} {ergonomic}
   size_t MinHeapDeltaBytes                        = 524288                                    {product} {ergonomic}
   size_t MinHeapSize                              = 104857600                                 {product} {command line}
   size_t NewSize                                  = 34603008                                  {product} {ergonomic}
    uintx NonNMethodCodeHeapSize                   = 5832780                                {pd product} {ergonomic}
    uintx NonProfiledCodeHeapSize                  = 122912730                              {pd product} {ergonomic}
   size_t OldSize                                  = 70254592                                  {product} {ergonomic}
     bool PerfDisableSharedMem                     = true                                      {product} {ergonomic}
    uintx ProfiledCodeHeapSize                     = 122912730                              {pd product} {ergonomic}
    uintx ReservedCodeCacheSize                    = 251658240                              {pd product} {ergonomic}
     bool SegmentedCodeCache                       = true                                      {product} {ergonomic}
   size_t SoftMaxHeapSize                          = 1073741824                             {manageable} {ergonomic}
     bool UseCompressedOops                        = true                           {product lp64_product} {ergonomic}
     bool UseLargePagesIndividualAllocation        = false                                  {pd product} {ergonomic}
     bool UseParallelGC                            = true                                      {product} {command line}

Logging:
Log output configuration:
 #0: stdout all=off uptime,level,tags foldmultilines=false
 #1: stderr all=off uptime,level,tags foldmultilines=false

Environment Variables:
JAVA_HOME=C:\Program Files\Java\jdk-11\bin
PATH=c:\Users\ASUS-MSi\AppData\Local\Programs\cursor\resources\app\bin;C:\Program Files\Python311\Scripts\;C:\Program Files\Python311\;C:\Program Files\Common Files\Oracle\Java\javapath;C:\Program Files (x86)\Common Files\Oracle\Java\java8path;C:\Program Files (x86)\Common Files\Oracle\Java\javapath;C:\Windows\system32;C:\Windows;C:\Windows\System32\Wbem;C:\Windows\System32\WindowsPowerShell\v1.0\;C:\Windows\System32\OpenSSH\;C:\Users\ASUS-MSi\AppData\Roaming\nvm;C:\Program Files\nodejs;C:\Program Files\dotnet\;C:\Program Files\Microsoft SQL Server\150\Tools\Binn\;C:\Program Files\Microsoft SQL Server\Client SDK\ODBC\170\Tools\Binn\;C:\Program Files\Git\cmd;C:\Program Files (x86)\poppler-24.02.0\Library\bin\;C:\Program Files\gs\gs10.03.1\bin;C:\Program Files\nodejs\;C:\Program Files\FireDaemon OpenSSL 3\bin;C:\Program Files\Android\Android Studio\bin;C:\Users\ASUS-MSi\Downloads\platform-tools-latest-windows\platform-tools;C:\Program Files\Java\jdk-11\bin;C:\Users\ASUS-MSi\Desktop\squash-tm-2.2.2.RELEASE\squash-tm\;C:\Program Files\Docker\Docker\resources\bin;C:\Scoop\shims;C:\Program Files\Python311\Scripts\;C:\Program Files\Python311\;C:\Program Files\Common Files\Oracle\Java\javapath;C:\Program Files (x86)\Common Files\Oracle\Java\java8path;C:\Program Files (x86)\Common Files\Oracle\Java\javapath;C:\Windows\system32;C:\Windows;C:\Windows\System32\Wbem;C:\Windows\System32\WindowsPowerShell\v1.0\;C:\Windows\System32\OpenSSH\;C:\Users\ASUS-MSi\AppData\Roaming\nvm;C:\Program Files\nodejs;C:\Program Files\dotnet\;C:\Program Files\Microsoft SQL Server\150\Tools\Binn\;C:\Program Files\Microsoft SQL Server\Client SDK\ODBC\170\Tools\Binn\;C:\Program Files\Git\cmd;C:\Program Files (x86)\poppler-24.02.0\Library\bin\;C:\Program Files\gs\gs10.03.1\bin;C:\Program Files\nodejs\;C:\Program Files\FireDaemon OpenSSL 3\bin;C:\Program Files\Android\Android Studio\bin;C:\Users\ASUS-MSi\Downloads\platform-tools-latest-windows\platform-tools;C:\Program Files\Java\jdk-11\bin;C:\Users\ASUS-MSi\Desktop\squash-tm-2.2.2.RELEASE\squash-tm\bin;C:\Program Files\Java\jdk-11;;C:\Program Files\Docker\Docker\resources\bin;C:\Users\ASUS-MSi\AppData\Local\Microsoft\WindowsApps;C:\Users\ASUS-MSi\AppData\Roaming\nvm;C:\Program Files\nodejs;C:\Users\ASUS-MSi\AppData\Local\Programs\Microsoft VS Code\bin;C:\Users\ASUS-MSi\.dotnet\tools;C:\Program Files\dotnet;C:\Users\ASUS-MSi\AppData\Local\GitHubDesktop\bin;C:\Program Files (x86)\poppler-24.02.0\Library\bin;C:\Program Files\JetBrains\PyCharm 2024.1.4\bin;C:\Users\ASUS-MSi\AppData\Local\JetBrains\Toolbox\scripts;C:\GdPicture.NET 14\Redist;C:\Users\ASUS-MSi\AppData\Roaming\npm;C:\Program Files\FireDaemon OpenSSL 3\bin;C:\Program Files\Android\Android Studio\bin;C:\Users\ASUS-MSi\Downloads\platform-tools-latest-windows\platform-tools;C:\Users\ASUS-MSi\Desktop\squash-tm-2.2.2.RELEASE\squash-tm\bin;C:\Users\ASUS-MSi\.dotnet\tools;C:\Users\ASUS-MSi\AppData\Local\Programs\MiKTeX\miktex\bin\x64\;C:\Users\ASUS-MSi\.local\bin;C:\Users\ASUS-MSi\AppData\Roaming\Python\Scripts
USERNAME=ASUS-MSi
OS=Windows_NT
PROCESSOR_IDENTIFIER=Intel64 Family 6 Model 78 Stepping 3, GenuineIntel
TMP=C:\Users\ASUS-MSi\AppData\Local\Temp
TEMP=C:\Users\ASUS-MSi\AppData\Local\Temp




Periodic native trim disabled

---------------  S Y S T E M  ---------------

OS:
 Windows 10 , 64 bit Build 19041 (10.0.19041.5678)
OS uptime: 7 days 23:55 hours
Hyper-V role detected

CPU: total 4 (initial active 4) (2 cores per cpu, 2 threads per core) family 6 model 78 stepping 3 microcode 0xcc, cx8, cmov, fxsr, ht, mmx, 3dnowpref, sse, sse2, sse3, ssse3, sse4.1, sse4.2, popcnt, lzcnt, tsc, tscinvbit, avx, avx2, aes, erms, clmul, bmi1, bmi2, adx, fma, vzeroupper, clflush, clflushopt, hv, rdtscp, f16c
Processor Information for the first 4 processors :
  Max Mhz: 2592, Current Mhz: 2492, Mhz Limit: 2488

Memory: 4k page, system-wide physical 6024M (51M free)
TotalPageFile size 24456M (AvailPageFile size 3M)
current process WorkingSet (physical memory assigned to process): 63M, peak: 63M
current process commit charge ("private bytes"): 184M, peak: 185M

vm_info: OpenJDK 64-Bit Server VM (21.0.6+7-LTS) for windows-amd64 JRE (21.0.6+7-LTS), built on 2025-01-21T00:00:00Z by "admin" with MS VC++ 17.7 (VS2022)

END.
